<?xml version="1.0" encoding="UTF-8"?>
<!-- Generated by org.testng.reporters.JUnitXMLReporter -->
<testsuite hostname="DESKTOP-TA131BK" ignored="0" name="Test" tests="4" failures="0" timestamp="11 Oct 2020 14:38:27 GMT" time="43.994" errors="0">
  <testcase name="launchbrowserfrombase" time="13.253" classname="End2EndFrameWork.LaunchingBrowser"/>
  <testcase name="launchbrowserfrombase" time="6.61" classname="End2EndFrameWork.LaunchingBrowser"/>
  <testcase name="launchbrowserfrombase" time="5.611" classname="End2EndFrameWork.LaunchingBrowser"/>
  <testcase name="launchbrowserfrombase" time="0.455" classname="End2EndFrameWork.ValidateNavigationBar"/>
</testsuite> <!-- Test -->
