<?xml version="1.0" encoding="UTF-8"?>
<!-- Generated by org.testng.reporters.JUnitXMLReporter -->
<testsuite hostname="DESKTOP-TA131BK" ignored="0" name="validating navigation bar" tests="2" failures="0" timestamp="20 Oct 2020 09:48:05 GMT" time="83.465" errors="0">
  <testcase name="launchbrowserfrombase" time="3.113" classname="End2EndFrameWork.ValidateNavigationBar"/>
  <testcase name="verfyingTexts" time="0.269" classname="End2EndFrameWork.ValidateNavigationBar"/>
</testsuite> <!-- validating navigation bar -->
