<?xml version="1.0" encoding="UTF-8"?>
<!-- Generated by org.testng.reporters.JUnitXMLReporter -->
<testsuite hostname="DESKTOP-TA131BK" ignored="0" name="Test" tests="4" failures="0" timestamp="12 Oct 2020 06:33:17 GMT" time="73.622" errors="0">
  <testcase name="launchbrowserfrombase" time="28.597" classname="End2EndFrameWork.LaunchingBrowser"/>
  <testcase name="launchbrowserfrombase" time="11.258" classname="End2EndFrameWork.LaunchingBrowser"/>
  <testcase name="launchbrowserfrombase" time="4.607" classname="End2EndFrameWork.LaunchingBrowser"/>
  <testcase name="launchbrowserfrombase" time="0.729" classname="End2EndFrameWork.ValidateNavigationBar"/>
</testsuite> <!-- Test -->
