<?xml version="1.0" encoding="UTF-8"?>
<!-- Generated by org.testng.reporters.JUnitXMLReporter -->
<testsuite hostname="DESKTOP-TA131BK" ignored="0" name="validating navigation bar" tests="2" failures="0" timestamp="27 Oct 2020 15:29:28 GMT" time="199.108" errors="0">
  <testcase name="launchbrowserfrombase" time="3.365" classname="End2EndFrameWork.ValidateNavigationBar"/>
  <testcase name="verfyingTexts" time="0.088" classname="End2EndFrameWork.ValidateNavigationBar"/>
</testsuite> <!-- validating navigation bar -->
