<?xml version="1.0" encoding="UTF-8"?>
<testng-results skipped="0" failed="0" ignored="0" total="1" passed="1">
  <reporter-output>
  </reporter-output>
  <suite name="Suite" duration-ms="100761" started-at="2020-10-27T16:53:25Z" finished-at="2020-10-27T16:55:06Z">
    <groups>
      <group name="cucumber">
        <method signature="AbstractTestNGCucumberTests.feature(cucumber.api.testng.CucumberFeatureWrapper)[pri:0, instance:cucumberoptions.TestRunner@709ba3fb]" name="feature" class="cucumber.api.testng.AbstractTestNGCucumberTests"/>
      </group> <!-- cucumber -->
    </groups>
    <test name="validating login moduels with different user" duration-ms="100761" started-at="2020-10-27T16:53:25Z" finished-at="2020-10-27T16:55:06Z">
      <class name="cucumberoptions.TestRunner">
        <test-method status="PASS" signature="setUpClass()[pri:0, instance:cucumberoptions.TestRunner@709ba3fb]" name="setUpClass" is-config="true" duration-ms="555" started-at="2020-10-27T22:23:25Z" finished-at="2020-10-27T22:23:26Z">
          <reporter-output>
          </reporter-output>
        </test-method> <!-- setUpClass -->
        <test-method status="PASS" signature="feature(cucumber.api.testng.CucumberFeatureWrapper)[pri:0, instance:cucumberoptions.TestRunner@709ba3fb]" name="feature" duration-ms="99511" started-at="2020-10-27T22:23:26Z" description="Runs Cucumber Feature" data-provider="features" finished-at="2020-10-27T22:25:06Z">
          <params>
            <param index="0">
              <value>
                <![CDATA[Application  Login]]>
              </value>
            </param>
          </params>
          <reporter-output>
          </reporter-output>
        </test-method> <!-- feature -->
        <test-method status="PASS" signature="tearDownClass()[pri:0, instance:cucumberoptions.TestRunner@709ba3fb]" name="tearDownClass" is-config="true" duration-ms="383" started-at="2020-10-27T22:25:06Z" finished-at="2020-10-27T22:25:06Z">
          <reporter-output>
          </reporter-output>
        </test-method> <!-- tearDownClass -->
      </class> <!-- cucumberoptions.TestRunner -->
    </test> <!-- validating login moduels with different user -->
  </suite> <!-- Suite -->
</testng-results>
