<?xml version="1.0" encoding="UTF-8"?>
<testng-results skipped="0" failed="0" ignored="0" total="1" passed="1">
  <reporter-output>
  </reporter-output>
  <suite name="Suite" duration-ms="129730" started-at="2020-10-27T15:13:40Z" finished-at="2020-10-27T15:15:50Z">
    <groups>
      <group name="cucumber">
        <method signature="AbstractTestNGCucumberTests.feature(cucumber.api.testng.CucumberFeatureWrapper)[pri:0, instance:cucumberoptions.TestRunner@475e586c]" name="feature" class="cucumber.api.testng.AbstractTestNGCucumberTests"/>
      </group> <!-- cucumber -->
    </groups>
    <test name="validating login moduels with different user" duration-ms="129730" started-at="2020-10-27T15:13:40Z" finished-at="2020-10-27T15:15:50Z">
      <class name="cucumberoptions.TestRunner">
        <test-method status="PASS" signature="setUpClass()[pri:0, instance:cucumberoptions.TestRunner@475e586c]" name="setUpClass" is-config="true" duration-ms="461" started-at="2020-10-27T15:13:40Z" finished-at="2020-10-27T15:13:41Z">
          <reporter-output>
          </reporter-output>
        </test-method> <!-- setUpClass -->
        <test-method status="PASS" signature="feature(cucumber.api.testng.CucumberFeatureWrapper)[pri:0, instance:cucumberoptions.TestRunner@475e586c]" name="feature" duration-ms="127942" started-at="2020-10-27T15:13:41Z" description="Runs Cucumber Feature" data-provider="features" finished-at="2020-10-27T15:15:49Z">
          <params>
            <param index="0">
              <value>
                <![CDATA[Application  Login]]>
              </value>
            </param>
          </params>
          <reporter-output>
          </reporter-output>
        </test-method> <!-- feature -->
        <test-method status="PASS" signature="tearDownClass()[pri:0, instance:cucumberoptions.TestRunner@475e586c]" name="tearDownClass" is-config="true" duration-ms="493" started-at="2020-10-27T15:15:49Z" finished-at="2020-10-27T15:15:50Z">
          <reporter-output>
          </reporter-output>
        </test-method> <!-- tearDownClass -->
      </class> <!-- cucumberoptions.TestRunner -->
    </test> <!-- validating login moduels with different user -->
  </suite> <!-- Suite -->
</testng-results>
